0 info it worked if it ends with ok
1 verbose cli [ '/usr/bin/node',
1 verbose cli   '/usr/bin/npm',
1 verbose cli   'install',
1 verbose cli   '-g',
1 verbose cli   'child-process' ]
2 info using npm@1.4.28
3 info using node@v0.10.33
4 verbose node symlink /usr/bin/node
5 verbose cache add [ 'child-process', null ]
6 verbose cache add name=undefined spec="child-process" args=["child-process",null]
7 verbose parsed url { protocol: null,
7 verbose parsed url   slashes: null,
7 verbose parsed url   auth: null,
7 verbose parsed url   host: null,
7 verbose parsed url   port: null,
7 verbose parsed url   hostname: null,
7 verbose parsed url   hash: null,
7 verbose parsed url   search: null,
7 verbose parsed url   query: null,
7 verbose parsed url   pathname: 'child-process',
7 verbose parsed url   path: 'child-process',
7 verbose parsed url   href: 'child-process' }
8 silly lockFile f28a07a6-child-process child-process
9 verbose lock child-process /home/cloo/.npm/f28a07a6-child-process.lock
10 silly lockFile f28a07a6-child-process child-process
11 silly lockFile f28a07a6-child-process child-process
12 verbose addNamed [ 'child-process', '' ]
13 verbose addNamed [ null, '*' ]
14 silly lockFile b9aadc1f-child-process child-process@
15 verbose lock child-process@ /home/cloo/.npm/b9aadc1f-child-process.lock
16 silly addNameRange { name: 'child-process', range: '*', hasData: false }
17 verbose request where is /child-process
18 verbose request registry https://registry.npmjs.org/
19 verbose request id eb78ccfb2ed8893c
20 verbose url raw /child-process
21 verbose url resolving [ 'https://registry.npmjs.org/', './child-process' ]
22 verbose url resolved https://registry.npmjs.org/child-process
23 verbose request where is https://registry.npmjs.org/child-process
24 info trying registry request attempt 1 at 17:53:01
25 http GET https://registry.npmjs.org/child-process
26 http 404 https://registry.npmjs.org/child-process
27 verbose headers { server: 'CouchDB/1.5.0 (Erlang OTP/R16B03)',
27 verbose headers   'content-type': 'application/json',
27 verbose headers   'cache-control': 'max-age=0',
27 verbose headers   'content-length': '51',
27 verbose headers   'accept-ranges': 'bytes',
27 verbose headers   date: 'Sat, 13 Jun 2015 16:53:01 GMT',
27 verbose headers   via: '1.1 varnish',
27 verbose headers   age: '0',
27 verbose headers   connection: 'keep-alive',
27 verbose headers   'x-served-by': 'cache-lhr6327-LHR',
27 verbose headers   'x-cache': 'MISS',
27 verbose headers   'x-cache-hits': '0',
27 verbose headers   'x-timer': 'S1434214381.347965,VS0,VE158' }
28 silly registry.get cb [ 404,
28 silly registry.get   { server: 'CouchDB/1.5.0 (Erlang OTP/R16B03)',
28 silly registry.get     'content-type': 'application/json',
28 silly registry.get     'cache-control': 'max-age=0',
28 silly registry.get     'content-length': '51',
28 silly registry.get     'accept-ranges': 'bytes',
28 silly registry.get     date: 'Sat, 13 Jun 2015 16:53:01 GMT',
28 silly registry.get     via: '1.1 varnish',
28 silly registry.get     age: '0',
28 silly registry.get     connection: 'keep-alive',
28 silly registry.get     'x-served-by': 'cache-lhr6327-LHR',
28 silly registry.get     'x-cache': 'MISS',
28 silly registry.get     'x-cache-hits': '0',
28 silly registry.get     'x-timer': 'S1434214381.347965,VS0,VE158' } ]
29 silly lockFile b9aadc1f-child-process child-process@
30 silly lockFile b9aadc1f-child-process child-process@
31 error 404 404 Not Found: child-process
31 error 404
31 error 404 'child-process' is not in the npm registry.
31 error 404 You should bug the author to publish it
31 error 404
31 error 404 Note that you can also install from a
31 error 404 tarball, folder, or http url, or git url.
32 error System Linux 3.13.0-43-generic
33 error command "/usr/bin/node" "/usr/bin/npm" "install" "-g" "child-process"
34 error cwd /home/cloo/dev/contentmine/src/canary_dev
35 error node -v v0.10.33
36 error npm -v 1.4.28
37 error code E404
38 verbose exit [ 1, true ]
